<?xml version="1.0" encoding="UTF-8"?>
<!-- Generated by org.testng.reporters.JUnitXMLReporter -->
<testsuite ignored="0" hostname="LAPTOP-P8997V13" failures="0" tests="8" name="alertsTest" time="41.369" errors="0" timestamp="2024-07-09T23:24:35 IST">
  <testcase classname="Alerts.handlingAlertsWithExpectedCondition" name="alert" time="12.683"/>
  <testcase classname="Alerts.javascriptalert" name="alert" time="9.924"/>
  <testcase classname="Alerts.alerts" name="alert" time="6.917"/>
  <testcase classname="blogSpotSite.AllFunctionalities" name="pageTitleVerification" time="0.017"/>
  <testcase classname="blogSpotSite.AllFunctionalities" name="accDetails" time="1.733"/>
  <testcase classname="blogSpotSite.AllFunctionalities" name="checkboxes" time="0.454"/>
  <testcase classname="blogSpotSite.AllFunctionalities" name="weekcheckbox" time="1.372"/>
  <testcase classname="blogSpotSite.AllFunctionalities" name="alerts" time="0.499"/>
</testsuite> <!-- alertsTest -->
