<?xml version="1.0" encoding="UTF-8"?>
<!-- Generated by org.testng.reporters.JUnitXMLReporter -->
<testsuite ignored="0" hostname="LAPTOP-P8997V13" failures="0" tests="8" name="alertsTest" time="50.701" errors="0" timestamp="2024-07-13T17:11:27 IST">
  <testcase classname="Alerts.handlingAlertsWithExpectedCondition" name="alert" time="15.903"/>
  <testcase classname="Alerts.javascriptalert" name="alert" time="10.408"/>
  <testcase classname="Alerts.alerts" name="alert" time="8.106"/>
  <testcase classname="blogSpotSite.AllFunctionalities" name="pageTitleVerification" time="0.011"/>
  <testcase classname="blogSpotSite.AllFunctionalities" name="accDetails" time="3.408"/>
  <testcase classname="blogSpotSite.AllFunctionalities" name="checkboxes" time="0.39"/>
  <testcase classname="blogSpotSite.AllFunctionalities" name="weekcheckbox" time="1.622"/>
  <testcase classname="blogSpotSite.AllFunctionalities" name="alerts" time="0.603"/>
</testsuite> <!-- alertsTest -->
